<?xml version="1.0" encoding="UTF-8"?>
<coverage generated="1576251172688" clover="3.2.0">
  <project timestamp="1576251172689" name="All files">
    <metrics statements="13" coveredstatements="12" conditionals="3" coveredconditionals="2" methods="4" coveredmethods="4" elements="20" coveredelements="18" complexity="0" loc="13" ncloc="13" packages="1" files="1" classes="1"/>
    <file name="app.js" path="J:\CODE\GitHub\ajs-5_for-in\src\app.js">
      <metrics statements="13" coveredstatements="12" conditionals="3" coveredconditionals="2" methods="4" coveredmethods="4"/>
      <line num="2" count="2" type="cond" truecount="1" falsecount="1"/>
      <line num="3" count="0" type="stmt"/>
      <line num="6" count="2" type="stmt"/>
      <line num="7" count="2" type="stmt"/>
      <line num="8" count="10" type="stmt"/>
      <line num="15" count="2" type="stmt"/>
      <line num="16" count="20" type="stmt"/>
      <line num="20" count="2" type="stmt"/>
      <line num="21" count="2" type="stmt"/>
      <line num="22" count="9" type="stmt"/>
      <line num="23" count="2" type="stmt"/>
      <line num="27" count="2" type="stmt"/>
      <line num="29" count="2" type="stmt"/>
    </file>
  </project>
</coverage>
