{"J:\\CODE\\GitHub\\ajs-5_for-in\\src\\app.js": {"path":"J:\\CODE\\GitHub\\ajs-5_for-in\\src\\app.js","statementMap":{"0":{"start":{"line":2,"column":2},"end":{"line":4,"column":3}},"1":{"start":{"line":3,"column":4},"end":{"line":3,"column":58}},"2":{"start":{"line":6,"column":17},"end":{"line":6,"column":19}},"3":{"start":{"line":7,"column":2},"end":{"line":14,"column":3}},"4":{"start":{"line":8,"column":4},"end":{"line":13,"column":5}},"5":{"start":{"line":9,"column":6},"end":{"line":12,"column":9}},"6":{"start":{"line":17,"column":2},"end":{"line":17,"column":52}},"7":{"start":{"line":17,"column":24},"end":{"line":17,"column":50}},"8":{"start":{"line":20,"column":22},"end":{"line":20,"column":24}},"9":{"start":{"line":21,"column":2},"end":{"line":24,"column":5}},"10":{"start":{"line":22,"column":18},"end":{"line":22,"column":80}},"11":{"start":{"line":22,"column":51},"end":{"line":22,"column":79}},"12":{"start":{"line":23,"column":4},"end":{"line":23,"column":49}},"13":{"start":{"line":27,"column":2},"end":{"line":27,"column":33}},"14":{"start":{"line":29,"column":2},"end":{"line":29,"column":16}}},"fnMap":{"0":{"name":"orderByProps","decl":{"start":{"line":1,"column":24},"end":{"line":1,"column":36}},"loc":{"start":{"line":1,"column":54},"end":{"line":30,"column":1}},"line":1},"1":{"name":"(anonymous_1)","decl":{"start":{"line":17,"column":14},"end":{"line":17,"column":15}},"loc":{"start":{"line":17,"column":24},"end":{"line":17,"column":50}},"line":17},"2":{"name":"(anonymous_2)","decl":{"start":{"line":21,"column":16},"end":{"line":21,"column":17}},"loc":{"start":{"line":21,"column":31},"end":{"line":24,"column":3}},"line":21},"3":{"name":"(anonymous_3)","decl":{"start":{"line":22,"column":35},"end":{"line":22,"column":36}},"loc":{"start":{"line":22,"column":51},"end":{"line":22,"column":79}},"line":22}},"branchMap":{"0":{"loc":{"start":{"line":1,"column":42},"end":{"line":1,"column":52}},"type":"default-arg","locations":[{"start":{"line":1,"column":50},"end":{"line":1,"column":52}}],"line":1},"1":{"loc":{"start":{"line":2,"column":2},"end":{"line":4,"column":3}},"type":"if","locations":[{"start":{"line":2,"column":2},"end":{"line":4,"column":3}},{"start":{"line":2,"column":2},"end":{"line":4,"column":3}}],"line":2},"2":{"loc":{"start":{"line":8,"column":4},"end":{"line":13,"column":5}},"type":"if","locations":[{"start":{"line":8,"column":4},"end":{"line":13,"column":5}},{"start":{"line":8,"column":4},"end":{"line":13,"column":5}}],"line":8}},"s":{"0":2,"1":0,"2":2,"3":2,"4":10,"5":10,"6":2,"7":20,"8":2,"9":2,"10":2,"11":9,"12":2,"13":2,"14":2},"f":{"0":2,"1":20,"2":2,"3":9},"b":{"0":[1],"1":[0,2],"2":[10,0]},"_coverageSchema":"43e27e138ebf9cfc5966b082cf9a028302ed4184","hash":"9d6e926aa4d332b5c18c2d029e9304a036f400fe"}
}
