{"J:\\CODE\\GitHub\\ajs-5_for-in\\src\\app.js": {"path":"J:\\CODE\\GitHub\\ajs-5_for-in\\src\\app.js","statementMap":{"0":{"start":{"line":2,"column":2},"end":{"line":30,"column":1}},"1":{"start":{"line":3,"column":4},"end":{"line":3,"column":58}},"2":{"start":{"line":6,"column":15},"end":{"line":6,"column":17}},"3":{"start":{"line":7,"column":2},"end":{"line":12,"column":3}},"4":{"start":{"line":8,"column":4},"end":{"line":11,"column":6}},"5":{"start":{"line":15,"column":2},"end":{"line":17,"column":4}},"6":{"start":{"line":16,"column":4},"end":{"line":16,"column":25}},"7":{"start":{"line":20,"column":20},"end":{"line":20,"column":22}},"8":{"start":{"line":21,"column":2},"end":{"line":24,"column":4}},"9":{"start":{"line":22,"column":16},"end":{"line":22,"column":76}},"10":{"start":{"line":22,"column":47},"end":{"line":22,"column":75}},"11":{"start":{"line":23,"column":4},"end":{"line":23,"column":49}},"12":{"start":{"line":27,"column":2},"end":{"line":27,"column":33}},"13":{"start":{"line":29,"column":2},"end":{"line":29,"column":16}}},"fnMap":{"0":{"name":"orderByProps","decl":{"start":{"line":1,"column":24},"end":{"line":1,"column":36}},"loc":{"start":{"line":1,"column":54},"end":{"line":31,"column":1}},"line":1},"1":{"name":"(anonymous_1)","decl":{"start":{"line":15,"column":14},"end":{"line":15,"column":15}},"loc":{"start":{"line":15,"column":24},"end":{"line":17,"column":3}},"line":15},"2":{"name":"(anonymous_2)","decl":{"start":{"line":21,"column":16},"end":{"line":21,"column":17}},"loc":{"start":{"line":21,"column":31},"end":{"line":24,"column":3}},"line":21},"3":{"name":"(anonymous_3)","decl":{"start":{"line":22,"column":33},"end":{"line":22,"column":34}},"loc":{"start":{"line":22,"column":47},"end":{"line":22,"column":75}},"line":22}},"branchMap":{"0":{"loc":{"start":{"line":1,"column":42},"end":{"line":1,"column":52}},"type":"default-arg","locations":[{"start":{"line":1,"column":50},"end":{"line":1,"column":52}}],"line":1},"1":{"loc":{"start":{"line":2,"column":2},"end":{"line":30,"column":1}},"type":"if","locations":[{"start":{"line":2,"column":2},"end":{"line":30,"column":1}},{"start":{"line":2,"column":2},"end":{"line":30,"column":1}}],"line":2}},"s":{"0":2,"1":0,"2":2,"3":2,"4":10,"5":2,"6":20,"7":2,"8":2,"9":2,"10":9,"11":2,"12":2,"13":2},"f":{"0":2,"1":20,"2":2,"3":9},"b":{"0":[1],"1":[0,2]},"_coverageSchema":"43e27e138ebf9cfc5966b082cf9a028302ed4184","hash":"00c217aa383b2e73882fc9a86cbb7e7959806b6d"}
}
